03-Nov-2019 14:53:42.723 信息 [main] org.apache.catalina.startup.VersionLoggerListener.log Server version:        Apache Tomcat/9.0.10
03-Nov-2019 14:53:42.744 信息 [main] org.apache.catalina.startup.VersionLoggerListener.log Server built:          Jun 20 2018 17:32:21 UTC
03-Nov-2019 14:53:42.747 信息 [main] org.apache.catalina.startup.VersionLoggerListener.log Server number:         9.0.10.0
03-Nov-2019 14:53:42.747 信息 [main] org.apache.catalina.startup.VersionLoggerListener.log OS Name:               Windows 10
03-Nov-2019 14:53:42.747 信息 [main] org.apache.catalina.startup.VersionLoggerListener.log OS Version:            10.0
03-Nov-2019 14:53:42.747 信息 [main] org.apache.catalina.startup.VersionLoggerListener.log Architecture:          amd64
03-Nov-2019 14:53:42.747 信息 [main] org.apache.catalina.startup.VersionLoggerListener.log Java Home:             C:\JDK8\jre
03-Nov-2019 14:53:42.748 信息 [main] org.apache.catalina.startup.VersionLoggerListener.log JVM Version:           1.8.0_191-b12
03-Nov-2019 14:53:42.748 信息 [main] org.apache.catalina.startup.VersionLoggerListener.log JVM Vendor:            Oracle Corporation
03-Nov-2019 14:53:42.748 信息 [main] org.apache.catalina.startup.VersionLoggerListener.log CATALINA_BASE:         C:\Users\62709\Desktop\migong\migong
03-Nov-2019 14:53:42.748 信息 [main] org.apache.catalina.startup.VersionLoggerListener.log CATALINA_HOME:         C:\Users\62709\Desktop\migong\migong
03-Nov-2019 14:53:42.749 信息 [main] org.apache.catalina.startup.VersionLoggerListener.log Command line argument: -Djava.util.logging.config.file=C:\Users\62709\Desktop\migong\migong\conf\logging.properties
03-Nov-2019 14:53:42.749 信息 [main] org.apache.catalina.startup.VersionLoggerListener.log Command line argument: -Djava.util.logging.manager=org.apache.juli.ClassLoaderLogManager
03-Nov-2019 14:53:42.749 信息 [main] org.apache.catalina.startup.VersionLoggerListener.log Command line argument: -Djdk.tls.ephemeralDHKeySize=2048
03-Nov-2019 14:53:42.750 信息 [main] org.apache.catalina.startup.VersionLoggerListener.log Command line argument: -Djava.protocol.handler.pkgs=org.apache.catalina.webresources
03-Nov-2019 14:53:42.750 信息 [main] org.apache.catalina.startup.VersionLoggerListener.log Command line argument: -Dignore.endorsed.dirs=
03-Nov-2019 14:53:42.750 信息 [main] org.apache.catalina.startup.VersionLoggerListener.log Command line argument: -Dcatalina.base=C:\Users\62709\Desktop\migong\migong
03-Nov-2019 14:53:42.751 信息 [main] org.apache.catalina.startup.VersionLoggerListener.log Command line argument: -Dcatalina.home=C:\Users\62709\Desktop\migong\migong
03-Nov-2019 14:53:42.751 信息 [main] org.apache.catalina.startup.VersionLoggerListener.log Command line argument: -Djava.io.tmpdir=C:\Users\62709\Desktop\migong\migong\temp
03-Nov-2019 14:53:42.752 信息 [main] org.apache.catalina.core.AprLifecycleListener.lifecycleEvent The APR based Apache Tomcat Native library which allows optimal performance in production environments was not found on the java.library.path: [C:\JDK8\bin;C:\WINDOWS\Sun\Java\bin;C:\WINDOWS\system32;C:\WINDOWS;C:\ProgramData\DockerDesktop\version-bin;C:\Program Files\Docker\Docker\Resources\bin;C:\Program Files (x86)\Intel\Intel(R) Management Engine Components\iCLS\;C:\Program Files\Intel\Intel(R) Management Engine Components\iCLS\;C:\JDK8\bin;C:\Git\bin;C:\Program Files (x86)\Common Files\Oracle\Java\javapath;C:\WINDOWS\system32;C:\WINDOWS;C:\WINDOWS\System32\Wbem;C:\WINDOWS\System32\WindowsPowerShell\v1.0\;C:\Software\maven\apache-maven-3.5.4\bin;C:\Software\gradle\gradle-4.10.2\bin;C:\Program Files (x86)\Intel\Intel(R) Management Engine Components\DAL;C:\Program Files\Intel\Intel(R) Management Engine Components\DAL;C:\Software\nodejs\;C:\WINDOWS\System32\OpenSSH\;C:\Program Files\Amazon\AWSCLI\bin\;C:\Program Files (x86)\sbt\bin;C:\Go\bin;C:\Redis\;C:\Program Files\dotnet\;C:\PuTTY\;C:\Users\62709\AppData\Local\Programs\Python\Python37\Scripts\;C:\Users\62709\AppData\Local\Programs\Python\Python37\;C:\Users\62709\AppData\Local\Microsoft\WindowsApps;C:\Users\62709\AppData\Roaming\npm;C:\Users\62709\AppData\Local\GitHubDesktop\bin;C:\Users\62709\go\bin;C:\Software\Microsoft VS Code\bin;C:\pyide\PyCharm 2019.1.3\bin;C:\Users\62709\.wurst;C:\jider\JetBrains Rider 2019.2\bin;C:\Users\62709\AppData\Local\BypassRuntm;%USERPROFILE%\AppData\Local\Microsoft\WindowsApps;;.]
03-Nov-2019 14:53:43.092 信息 [main] org.apache.coyote.AbstractProtocol.init Initializing ProtocolHandler ["http-nio-8080"]
03-Nov-2019 14:53:43.541 信息 [main] org.apache.tomcat.util.net.NioSelectorPool.getSharedSelector Using a shared selector for servlet write/read
03-Nov-2019 14:53:43.548 信息 [main] org.apache.coyote.AbstractProtocol.init Initializing ProtocolHandler ["ajp-nio-8009"]
03-Nov-2019 14:53:43.549 信息 [main] org.apache.tomcat.util.net.NioSelectorPool.getSharedSelector Using a shared selector for servlet write/read
03-Nov-2019 14:53:43.553 信息 [main] org.apache.catalina.startup.Catalina.load Initialization processed in 1252 ms
03-Nov-2019 14:53:43.602 信息 [main] org.apache.catalina.core.StandardService.startInternal Starting service [Catalina]
03-Nov-2019 14:53:43.602 信息 [main] org.apache.catalina.core.StandardEngine.startInternal Starting Servlet Engine: Apache Tomcat/9.0.10
03-Nov-2019 14:53:43.612 信息 [main] org.apache.catalina.startup.HostConfig.deployDirectory Deploying web application directory [C:\Users\62709\Desktop\migong\migong\webapps\ROOT]
03-Nov-2019 14:53:43.933 信息 [main] org.apache.catalina.startup.HostConfig.deployDirectory Deployment of web application directory [C:\Users\62709\Desktop\migong\migong\webapps\ROOT] has finished in [321] ms
03-Nov-2019 14:53:43.937 信息 [main] org.apache.coyote.AbstractProtocol.start Starting ProtocolHandler ["http-nio-8080"]
03-Nov-2019 14:53:43.950 信息 [main] org.apache.coyote.AbstractProtocol.start Starting ProtocolHandler ["ajp-nio-8009"]
03-Nov-2019 14:53:43.955 信息 [main] org.apache.catalina.startup.Catalina.start Server startup in 400 ms
03-Nov-2019 14:56:10.963 信息 [Thread-5] org.apache.coyote.AbstractProtocol.pause Pausing ProtocolHandler ["http-nio-8080"]
03-Nov-2019 14:56:11.415 信息 [Thread-5] org.apache.coyote.AbstractProtocol.pause Pausing ProtocolHandler ["ajp-nio-8009"]
03-Nov-2019 14:56:11.871 信息 [Thread-5] org.apache.catalina.core.StandardService.stopInternal Stopping service [Catalina]
03-Nov-2019 14:56:11.897 信息 [Thread-5] org.apache.coyote.AbstractProtocol.stop Stopping ProtocolHandler ["http-nio-8080"]
03-Nov-2019 14:56:11.899 信息 [Thread-5] org.apache.coyote.AbstractProtocol.stop Stopping ProtocolHandler ["ajp-nio-8009"]
03-Nov-2019 14:56:11.901 信息 [Thread-5] org.apache.coyote.AbstractProtocol.destroy Destroying ProtocolHandler ["http-nio-8080"]
03-Nov-2019 14:56:11.905 信息 [Thread-5] org.apache.coyote.AbstractProtocol.destroy Destroying ProtocolHandler ["ajp-nio-8009"]
03-Nov-2019 15:08:14.211 信息 [main] org.apache.catalina.startup.VersionLoggerListener.log Server version:        Apache Tomcat/9.0.10
03-Nov-2019 15:08:14.227 信息 [main] org.apache.catalina.startup.VersionLoggerListener.log Server built:          Jun 20 2018 17:32:21 UTC
03-Nov-2019 15:08:14.228 信息 [main] org.apache.catalina.startup.VersionLoggerListener.log Server number:         9.0.10.0
03-Nov-2019 15:08:14.228 信息 [main] org.apache.catalina.startup.VersionLoggerListener.log OS Name:               Windows 10
03-Nov-2019 15:08:14.228 信息 [main] org.apache.catalina.startup.VersionLoggerListener.log OS Version:            10.0
03-Nov-2019 15:08:14.228 信息 [main] org.apache.catalina.startup.VersionLoggerListener.log Architecture:          amd64
03-Nov-2019 15:08:14.228 信息 [main] org.apache.catalina.startup.VersionLoggerListener.log Java Home:             C:\Users\62709\Desktop\renfang\migong\jre
03-Nov-2019 15:08:14.228 信息 [main] org.apache.catalina.startup.VersionLoggerListener.log JVM Version:           1.8.0_191-b12
03-Nov-2019 15:08:14.229 信息 [main] org.apache.catalina.startup.VersionLoggerListener.log JVM Vendor:            Oracle Corporation
03-Nov-2019 15:08:14.229 信息 [main] org.apache.catalina.startup.VersionLoggerListener.log CATALINA_BASE:         C:\Users\62709\Desktop\renfang\migong
03-Nov-2019 15:08:14.229 信息 [main] org.apache.catalina.startup.VersionLoggerListener.log CATALINA_HOME:         C:\Users\62709\Desktop\renfang\migong
03-Nov-2019 15:08:14.229 信息 [main] org.apache.catalina.startup.VersionLoggerListener.log Command line argument: -Djava.util.logging.config.file=C:\Users\62709\Desktop\renfang\migong\conf\logging.properties
03-Nov-2019 15:08:14.229 信息 [main] org.apache.catalina.startup.VersionLoggerListener.log Command line argument: -Djava.util.logging.manager=org.apache.juli.ClassLoaderLogManager
03-Nov-2019 15:08:14.229 信息 [main] org.apache.catalina.startup.VersionLoggerListener.log Command line argument: -Djdk.tls.ephemeralDHKeySize=2048
03-Nov-2019 15:08:14.229 信息 [main] org.apache.catalina.startup.VersionLoggerListener.log Command line argument: -Djava.protocol.handler.pkgs=org.apache.catalina.webresources
03-Nov-2019 15:08:14.230 信息 [main] org.apache.catalina.startup.VersionLoggerListener.log Command line argument: -Dignore.endorsed.dirs=
03-Nov-2019 15:08:14.230 信息 [main] org.apache.catalina.startup.VersionLoggerListener.log Command line argument: -Dcatalina.base=C:\Users\62709\Desktop\renfang\migong
03-Nov-2019 15:08:14.232 信息 [main] org.apache.catalina.startup.VersionLoggerListener.log Command line argument: -Dcatalina.home=C:\Users\62709\Desktop\renfang\migong
03-Nov-2019 15:08:14.233 信息 [main] org.apache.catalina.startup.VersionLoggerListener.log Command line argument: -Djava.io.tmpdir=C:\Users\62709\Desktop\renfang\migong\temp
03-Nov-2019 15:08:14.234 信息 [main] org.apache.catalina.core.AprLifecycleListener.lifecycleEvent The APR based Apache Tomcat Native library which allows optimal performance in production environments was not found on the java.library.path: [C:\Users\62709\Desktop\renfang\migong\jre\bin;C:\WINDOWS\Sun\Java\bin;C:\WINDOWS\system32;C:\WINDOWS;C:\ProgramData\DockerDesktop\version-bin;C:\Program Files\Docker\Docker\Resources\bin;C:\Program Files (x86)\Intel\Intel(R) Management Engine Components\iCLS\;C:\Program Files\Intel\Intel(R) Management Engine Components\iCLS\;C:\JDK8\bin;C:\Git\bin;C:\Program Files (x86)\Common Files\Oracle\Java\javapath;C:\WINDOWS\system32;C:\WINDOWS;C:\WINDOWS\System32\Wbem;C:\WINDOWS\System32\WindowsPowerShell\v1.0\;C:\Software\maven\apache-maven-3.5.4\bin;C:\Software\gradle\gradle-4.10.2\bin;C:\Program Files (x86)\Intel\Intel(R) Management Engine Components\DAL;C:\Program Files\Intel\Intel(R) Management Engine Components\DAL;C:\Software\nodejs\;C:\WINDOWS\System32\OpenSSH\;C:\Program Files\Amazon\AWSCLI\bin\;C:\Program Files (x86)\sbt\bin;C:\Go\bin;C:\Redis\;C:\Program Files\dotnet\;C:\PuTTY\;C:\Users\62709\AppData\Local\Programs\Python\Python37\Scripts\;C:\Users\62709\AppData\Local\Programs\Python\Python37\;C:\Users\62709\AppData\Local\Microsoft\WindowsApps;C:\Users\62709\AppData\Roaming\npm;C:\Users\62709\AppData\Local\GitHubDesktop\bin;C:\Users\62709\go\bin;C:\Software\Microsoft VS Code\bin;C:\pyide\PyCharm 2019.1.3\bin;C:\Users\62709\.wurst;C:\jider\JetBrains Rider 2019.2\bin;C:\Users\62709\AppData\Local\BypassRuntm;%USERPROFILE%\AppData\Local\Microsoft\WindowsApps;;.]
03-Nov-2019 15:08:14.500 信息 [main] org.apache.coyote.AbstractProtocol.init Initializing ProtocolHandler ["http-nio-8080"]
03-Nov-2019 15:08:14.953 信息 [main] org.apache.tomcat.util.net.NioSelectorPool.getSharedSelector Using a shared selector for servlet write/read
03-Nov-2019 15:08:14.960 信息 [main] org.apache.coyote.AbstractProtocol.init Initializing ProtocolHandler ["ajp-nio-8009"]
03-Nov-2019 15:08:14.962 信息 [main] org.apache.tomcat.util.net.NioSelectorPool.getSharedSelector Using a shared selector for servlet write/read
03-Nov-2019 15:08:14.963 信息 [main] org.apache.catalina.startup.Catalina.load Initialization processed in 1070 ms
03-Nov-2019 15:08:14.992 信息 [main] org.apache.catalina.core.StandardService.startInternal Starting service [Catalina]
03-Nov-2019 15:08:14.992 信息 [main] org.apache.catalina.core.StandardEngine.startInternal Starting Servlet Engine: Apache Tomcat/9.0.10
03-Nov-2019 15:08:15.006 信息 [main] org.apache.catalina.startup.HostConfig.deployDirectory Deploying web application directory [C:\Users\62709\Desktop\renfang\migong\webapps\ROOT]
03-Nov-2019 15:08:15.249 信息 [main] org.apache.catalina.startup.HostConfig.deployDirectory Deployment of web application directory [C:\Users\62709\Desktop\renfang\migong\webapps\ROOT] has finished in [243] ms
03-Nov-2019 15:08:15.252 信息 [main] org.apache.coyote.AbstractProtocol.start Starting ProtocolHandler ["http-nio-8080"]
03-Nov-2019 15:08:15.260 信息 [main] org.apache.coyote.AbstractProtocol.start Starting ProtocolHandler ["ajp-nio-8009"]
03-Nov-2019 15:08:15.264 信息 [main] org.apache.catalina.startup.Catalina.start Server startup in 300 ms
03-Nov-2019 15:08:19.363 信息 [Thread-5] org.apache.coyote.AbstractProtocol.pause Pausing ProtocolHandler ["http-nio-8080"]
03-Nov-2019 15:08:19.716 信息 [Thread-5] org.apache.coyote.AbstractProtocol.pause Pausing ProtocolHandler ["ajp-nio-8009"]
03-Nov-2019 15:08:20.026 信息 [Thread-5] org.apache.catalina.core.StandardService.stopInternal Stopping service [Catalina]
03-Nov-2019 15:08:20.034 信息 [Thread-5] org.apache.coyote.AbstractProtocol.stop Stopping ProtocolHandler ["http-nio-8080"]
03-Nov-2019 15:08:20.035 信息 [Thread-5] org.apache.coyote.AbstractProtocol.stop Stopping ProtocolHandler ["ajp-nio-8009"]
03-Nov-2019 15:08:20.036 信息 [Thread-5] org.apache.coyote.AbstractProtocol.destroy Destroying ProtocolHandler ["http-nio-8080"]
03-Nov-2019 15:08:20.037 信息 [Thread-5] org.apache.coyote.AbstractProtocol.destroy Destroying ProtocolHandler ["ajp-nio-8009"]
03-Nov-2019 15:30:26.958 信息 [main] org.apache.catalina.startup.VersionLoggerListener.log Server version:        Apache Tomcat/9.0.10
03-Nov-2019 15:30:26.979 信息 [main] org.apache.catalina.startup.VersionLoggerListener.log Server built:          Jun 20 2018 17:32:21 UTC
03-Nov-2019 15:30:26.980 信息 [main] org.apache.catalina.startup.VersionLoggerListener.log Server number:         9.0.10.0
03-Nov-2019 15:30:26.980 信息 [main] org.apache.catalina.startup.VersionLoggerListener.log OS Name:               Windows 10
03-Nov-2019 15:30:26.981 信息 [main] org.apache.catalina.startup.VersionLoggerListener.log OS Version:            10.0
03-Nov-2019 15:30:26.981 信息 [main] org.apache.catalina.startup.VersionLoggerListener.log Architecture:          amd64
03-Nov-2019 15:30:26.981 信息 [main] org.apache.catalina.startup.VersionLoggerListener.log Java Home:             C:\Users\62709\Desktop\renfang\fanpai\jre
03-Nov-2019 15:30:26.981 信息 [main] org.apache.catalina.startup.VersionLoggerListener.log JVM Version:           1.8.0_191-b12
03-Nov-2019 15:30:26.981 信息 [main] org.apache.catalina.startup.VersionLoggerListener.log JVM Vendor:            Oracle Corporation
03-Nov-2019 15:30:26.982 信息 [main] org.apache.catalina.startup.VersionLoggerListener.log CATALINA_BASE:         C:\Users\62709\Desktop\renfang\fanpai
03-Nov-2019 15:30:26.982 信息 [main] org.apache.catalina.startup.VersionLoggerListener.log CATALINA_HOME:         C:\Users\62709\Desktop\renfang\fanpai
03-Nov-2019 15:30:26.982 信息 [main] org.apache.catalina.startup.VersionLoggerListener.log Command line argument: -Djava.util.logging.config.file=C:\Users\62709\Desktop\renfang\fanpai\conf\logging.properties
03-Nov-2019 15:30:26.983 信息 [main] org.apache.catalina.startup.VersionLoggerListener.log Command line argument: -Djava.util.logging.manager=org.apache.juli.ClassLoaderLogManager
03-Nov-2019 15:30:26.983 信息 [main] org.apache.catalina.startup.VersionLoggerListener.log Command line argument: -Djdk.tls.ephemeralDHKeySize=2048
03-Nov-2019 15:30:26.983 信息 [main] org.apache.catalina.startup.VersionLoggerListener.log Command line argument: -Djava.protocol.handler.pkgs=org.apache.catalina.webresources
03-Nov-2019 15:30:26.984 信息 [main] org.apache.catalina.startup.VersionLoggerListener.log Command line argument: -Dignore.endorsed.dirs=
03-Nov-2019 15:30:26.984 信息 [main] org.apache.catalina.startup.VersionLoggerListener.log Command line argument: -Dcatalina.base=C:\Users\62709\Desktop\renfang\fanpai
03-Nov-2019 15:30:26.985 信息 [main] org.apache.catalina.startup.VersionLoggerListener.log Command line argument: -Dcatalina.home=C:\Users\62709\Desktop\renfang\fanpai
03-Nov-2019 15:30:26.986 信息 [main] org.apache.catalina.startup.VersionLoggerListener.log Command line argument: -Djava.io.tmpdir=C:\Users\62709\Desktop\renfang\fanpai\temp
03-Nov-2019 15:30:26.986 信息 [main] org.apache.catalina.core.AprLifecycleListener.lifecycleEvent The APR based Apache Tomcat Native library which allows optimal performance in production environments was not found on the java.library.path: [C:\Users\62709\Desktop\renfang\fanpai\jre\bin;C:\WINDOWS\Sun\Java\bin;C:\WINDOWS\system32;C:\WINDOWS;C:\ProgramData\DockerDesktop\version-bin;C:\Program Files\Docker\Docker\Resources\bin;C:\Program Files (x86)\Intel\Intel(R) Management Engine Components\iCLS\;C:\Program Files\Intel\Intel(R) Management Engine Components\iCLS\;C:\JDK8\bin;C:\Git\bin;C:\Program Files (x86)\Common Files\Oracle\Java\javapath;C:\WINDOWS\system32;C:\WINDOWS;C:\WINDOWS\System32\Wbem;C:\WINDOWS\System32\WindowsPowerShell\v1.0\;C:\Software\maven\apache-maven-3.5.4\bin;C:\Software\gradle\gradle-4.10.2\bin;C:\Program Files (x86)\Intel\Intel(R) Management Engine Components\DAL;C:\Program Files\Intel\Intel(R) Management Engine Components\DAL;C:\Software\nodejs\;C:\WINDOWS\System32\OpenSSH\;C:\Program Files\Amazon\AWSCLI\bin\;C:\Program Files (x86)\sbt\bin;C:\Go\bin;C:\Redis\;C:\Program Files\dotnet\;C:\PuTTY\;C:\Users\62709\AppData\Local\Programs\Python\Python37\Scripts\;C:\Users\62709\AppData\Local\Programs\Python\Python37\;C:\Users\62709\AppData\Local\Microsoft\WindowsApps;C:\Users\62709\AppData\Roaming\npm;C:\Users\62709\AppData\Local\GitHubDesktop\bin;C:\Users\62709\go\bin;C:\Software\Microsoft VS Code\bin;C:\pyide\PyCharm 2019.1.3\bin;C:\Users\62709\.wurst;C:\jider\JetBrains Rider 2019.2\bin;C:\Users\62709\AppData\Local\BypassRuntm;%USERPROFILE%\AppData\Local\Microsoft\WindowsApps;;.]
03-Nov-2019 15:30:27.317 信息 [main] org.apache.coyote.AbstractProtocol.init Initializing ProtocolHandler ["http-nio-8080"]
03-Nov-2019 15:30:27.740 信息 [main] org.apache.tomcat.util.net.NioSelectorPool.getSharedSelector Using a shared selector for servlet write/read
03-Nov-2019 15:30:27.747 信息 [main] org.apache.coyote.AbstractProtocol.init Initializing ProtocolHandler ["ajp-nio-8009"]
03-Nov-2019 15:30:27.749 信息 [main] org.apache.tomcat.util.net.NioSelectorPool.getSharedSelector Using a shared selector for servlet write/read
03-Nov-2019 15:30:27.750 信息 [main] org.apache.catalina.startup.Catalina.load Initialization processed in 1195 ms
03-Nov-2019 15:30:27.786 信息 [main] org.apache.catalina.core.StandardService.startInternal Starting service [Catalina]
03-Nov-2019 15:30:27.787 信息 [main] org.apache.catalina.core.StandardEngine.startInternal Starting Servlet Engine: Apache Tomcat/9.0.10
03-Nov-2019 15:30:27.796 信息 [main] org.apache.catalina.startup.HostConfig.deployDirectory Deploying web application directory [C:\Users\62709\Desktop\renfang\fanpai\webapps\ROOT]
03-Nov-2019 15:30:28.060 信息 [main] org.apache.catalina.startup.HostConfig.deployDirectory Deployment of web application directory [C:\Users\62709\Desktop\renfang\fanpai\webapps\ROOT] has finished in [264] ms
03-Nov-2019 15:30:28.063 信息 [main] org.apache.coyote.AbstractProtocol.start Starting ProtocolHandler ["http-nio-8080"]
03-Nov-2019 15:30:28.073 信息 [main] org.apache.coyote.AbstractProtocol.start Starting ProtocolHandler ["ajp-nio-8009"]
03-Nov-2019 15:30:28.076 信息 [main] org.apache.catalina.startup.Catalina.start Server startup in 325 ms
03-Nov-2019 15:32:42.664 信息 [main] org.apache.catalina.startup.VersionLoggerListener.log Server version:        Apache Tomcat/9.0.10
03-Nov-2019 15:32:42.667 信息 [main] org.apache.catalina.startup.VersionLoggerListener.log Server built:          Jun 20 2018 17:32:21 UTC
03-Nov-2019 15:32:42.668 信息 [main] org.apache.catalina.startup.VersionLoggerListener.log Server number:         9.0.10.0
03-Nov-2019 15:32:42.668 信息 [main] org.apache.catalina.startup.VersionLoggerListener.log OS Name:               Windows 10
03-Nov-2019 15:32:42.668 信息 [main] org.apache.catalina.startup.VersionLoggerListener.log OS Version:            10.0
03-Nov-2019 15:32:42.668 信息 [main] org.apache.catalina.startup.VersionLoggerListener.log Architecture:          amd64
03-Nov-2019 15:32:42.668 信息 [main] org.apache.catalina.startup.VersionLoggerListener.log Java Home:             C:\Users\62709\Desktop\renfang\fanpai\jre
03-Nov-2019 15:32:42.669 信息 [main] org.apache.catalina.startup.VersionLoggerListener.log JVM Version:           1.8.0_191-b12
03-Nov-2019 15:32:42.669 信息 [main] org.apache.catalina.startup.VersionLoggerListener.log JVM Vendor:            Oracle Corporation
03-Nov-2019 15:32:42.669 信息 [main] org.apache.catalina.startup.VersionLoggerListener.log CATALINA_BASE:         C:\Users\62709\Desktop\renfang\fanpai
03-Nov-2019 15:32:42.669 信息 [main] org.apache.catalina.startup.VersionLoggerListener.log CATALINA_HOME:         C:\Users\62709\Desktop\renfang\fanpai
03-Nov-2019 15:32:42.670 信息 [main] org.apache.catalina.startup.VersionLoggerListener.log Command line argument: -Djava.util.logging.config.file=C:\Users\62709\Desktop\renfang\fanpai\conf\logging.properties
03-Nov-2019 15:32:42.670 信息 [main] org.apache.catalina.startup.VersionLoggerListener.log Command line argument: -Djava.util.logging.manager=org.apache.juli.ClassLoaderLogManager
03-Nov-2019 15:32:42.670 信息 [main] org.apache.catalina.startup.VersionLoggerListener.log Command line argument: -Djdk.tls.ephemeralDHKeySize=2048
03-Nov-2019 15:32:42.670 信息 [main] org.apache.catalina.startup.VersionLoggerListener.log Command line argument: -Djava.protocol.handler.pkgs=org.apache.catalina.webresources
03-Nov-2019 15:32:42.670 信息 [main] org.apache.catalina.startup.VersionLoggerListener.log Command line argument: -Dignore.endorsed.dirs=
03-Nov-2019 15:32:42.671 信息 [main] org.apache.catalina.startup.VersionLoggerListener.log Command line argument: -Dcatalina.base=C:\Users\62709\Desktop\renfang\fanpai
03-Nov-2019 15:32:42.672 信息 [main] org.apache.catalina.startup.VersionLoggerListener.log Command line argument: -Dcatalina.home=C:\Users\62709\Desktop\renfang\fanpai
03-Nov-2019 15:32:42.672 信息 [main] org.apache.catalina.startup.VersionLoggerListener.log Command line argument: -Djava.io.tmpdir=C:\Users\62709\Desktop\renfang\fanpai\temp
03-Nov-2019 15:32:42.673 信息 [main] org.apache.catalina.core.AprLifecycleListener.lifecycleEvent The APR based Apache Tomcat Native library which allows optimal performance in production environments was not found on the java.library.path: [C:\Users\62709\Desktop\renfang\fanpai\jre\bin;C:\WINDOWS\Sun\Java\bin;C:\WINDOWS\system32;C:\WINDOWS;C:\ProgramData\DockerDesktop\version-bin;C:\Program Files\Docker\Docker\Resources\bin;C:\Program Files (x86)\Intel\Intel(R) Management Engine Components\iCLS\;C:\Program Files\Intel\Intel(R) Management Engine Components\iCLS\;C:\JDK8\bin;C:\Git\bin;C:\Program Files (x86)\Common Files\Oracle\Java\javapath;C:\WINDOWS\system32;C:\WINDOWS;C:\WINDOWS\System32\Wbem;C:\WINDOWS\System32\WindowsPowerShell\v1.0\;C:\Software\maven\apache-maven-3.5.4\bin;C:\Software\gradle\gradle-4.10.2\bin;C:\Program Files (x86)\Intel\Intel(R) Management Engine Components\DAL;C:\Program Files\Intel\Intel(R) Management Engine Components\DAL;C:\Software\nodejs\;C:\WINDOWS\System32\OpenSSH\;C:\Program Files\Amazon\AWSCLI\bin\;C:\Program Files (x86)\sbt\bin;C:\Go\bin;C:\Redis\;C:\Program Files\dotnet\;C:\PuTTY\;C:\Users\62709\AppData\Local\Programs\Python\Python37\Scripts\;C:\Users\62709\AppData\Local\Programs\Python\Python37\;C:\Users\62709\AppData\Local\Microsoft\WindowsApps;C:\Users\62709\AppData\Roaming\npm;C:\Users\62709\AppData\Local\GitHubDesktop\bin;C:\Users\62709\go\bin;C:\Software\Microsoft VS Code\bin;C:\pyide\PyCharm 2019.1.3\bin;C:\Users\62709\.wurst;C:\jider\JetBrains Rider 2019.2\bin;C:\Users\62709\AppData\Local\BypassRuntm;%USERPROFILE%\AppData\Local\Microsoft\WindowsApps;;.]
03-Nov-2019 15:32:42.766 信息 [main] org.apache.coyote.AbstractProtocol.init Initializing ProtocolHandler ["http-nio-8080"]
03-Nov-2019 15:32:43.128 信息 [main] org.apache.tomcat.util.net.NioSelectorPool.getSharedSelector Using a shared selector for servlet write/read
03-Nov-2019 15:32:43.134 信息 [main] org.apache.coyote.AbstractProtocol.init Initializing ProtocolHandler ["ajp-nio-8009"]
03-Nov-2019 15:32:43.137 信息 [main] org.apache.tomcat.util.net.NioSelectorPool.getSharedSelector Using a shared selector for servlet write/read
03-Nov-2019 15:32:43.138 信息 [main] org.apache.catalina.startup.Catalina.load Initialization processed in 746 ms
03-Nov-2019 15:32:43.169 信息 [main] org.apache.catalina.core.StandardService.startInternal Starting service [Catalina]
03-Nov-2019 15:32:43.170 信息 [main] org.apache.catalina.core.StandardEngine.startInternal Starting Servlet Engine: Apache Tomcat/9.0.10
03-Nov-2019 15:32:43.179 信息 [main] org.apache.catalina.startup.HostConfig.deployDirectory Deploying web application directory [C:\Users\62709\Desktop\renfang\fanpai\webapps\ROOT]
03-Nov-2019 15:32:43.396 信息 [main] org.apache.catalina.startup.HostConfig.deployDirectory Deployment of web application directory [C:\Users\62709\Desktop\renfang\fanpai\webapps\ROOT] has finished in [216] ms
03-Nov-2019 15:32:43.398 信息 [main] org.apache.coyote.AbstractProtocol.start Starting ProtocolHandler ["http-nio-8080"]
03-Nov-2019 15:32:43.407 信息 [main] org.apache.coyote.AbstractProtocol.start Starting ProtocolHandler ["ajp-nio-8009"]
03-Nov-2019 15:32:43.410 信息 [main] org.apache.catalina.startup.Catalina.start Server startup in 269 ms
03-Nov-2019 15:34:53.787 信息 [Thread-5] org.apache.coyote.AbstractProtocol.pause Pausing ProtocolHandler ["http-nio-8080"]
03-Nov-2019 15:34:54.160 信息 [Thread-5] org.apache.coyote.AbstractProtocol.pause Pausing ProtocolHandler ["ajp-nio-8009"]
03-Nov-2019 15:34:54.531 信息 [Thread-5] org.apache.catalina.core.StandardService.stopInternal Stopping service [Catalina]
03-Nov-2019 15:34:54.546 信息 [Thread-5] org.apache.coyote.AbstractProtocol.stop Stopping ProtocolHandler ["http-nio-8080"]
03-Nov-2019 15:34:54.547 信息 [Thread-5] org.apache.coyote.AbstractProtocol.stop Stopping ProtocolHandler ["ajp-nio-8009"]
03-Nov-2019 15:34:54.549 信息 [Thread-5] org.apache.coyote.AbstractProtocol.destroy Destroying ProtocolHandler ["http-nio-8080"]
03-Nov-2019 15:34:54.551 信息 [Thread-5] org.apache.coyote.AbstractProtocol.destroy Destroying ProtocolHandler ["ajp-nio-8009"]
